<?xml version="1.0" encoding="UTF-8"?>
<!-- Generated by org.testng.reporters.JUnitXMLReporter -->
<testsuite ignored="0" hostname="BhargavB" failures="0" tests="14" name="Surefire test" time="129.955" errors="0" timestamp="2023-06-22T18:32:34 EDT">
  <testcase classname="com.crm.qa.testcases.ContactsPageTest" name="verifyContactsLabelTest" time="0.021"/>
  <testcase classname="com.crm.qa.testcases.ContactsPageTest" name="selectContactsTest" time="5.498"/>
  <testcase classname="com.crm.qa.testcases.ContactsPageTest" name="validateCreateNewContact" time="0.852"/>
  <testcase classname="com.crm.qa.testcases.ContactsPageTest" name="validateCreateNewContact" time="0.848"/>
  <testcase classname="com.crm.qa.testcases.ContactsPageTest" name="validateCreateNewContact" time="0.862"/>
  <testcase classname="com.crm.qa.testcases.ContactsPageTest" name="validateCreateNewContact" time="0.831"/>
  <testcase classname="com.crm.qa.testcases.HomePageTest" name="verifyHomePageTitleTest" time="0.002"/>
  <testcase classname="com.crm.qa.testcases.HomePageTest" name="verifyUserNameTest" time="0.017"/>
  <testcase classname="com.crm.qa.testcases.HomePageTest" name="verifyContactsLinkTest" time="0.233"/>
  <testcase classname="com.crm.qa.testcases.LoginPageTest" name="loginPageTitleTest" time="0.003"/>
  <testcase classname="com.crm.qa.testcases.LoginPageTest" name="crmLogoImageTest" time="0.249"/>
  <testcase classname="com.crm.qa.testcases.LoginPageTest" name="loginTest" time="3.085"/>
  <testcase classname="com.tests.LoginTest" name="freeCrmTitleTest" time="0.006"/>
  <testcase classname="com.tests.LoginTest" name="crmLogoImageTest" time="0.264"/>
</testsuite> <!-- Surefire test -->
