<?xml version="1.0" encoding="UTF-8"?>
<!-- Generated by org.testng.reporters.JUnitXMLReporter -->
<testsuite ignored="0" hostname="BhargavB" failures="0" tests="3" name="Default test" time="14.483" errors="0" timestamp="2023-06-16T20:56:03 EDT">
  <testcase classname="com.crm.qa.testcases.LoginPageTest" name="loginPageTitleTest" time="0.008"/>
  <testcase classname="com.crm.qa.testcases.LoginPageTest" name="crmLogoImageTest" time="0.024"/>
  <testcase classname="com.crm.qa.testcases.LoginPageTest" name="loginTest" time="3.071"/>
</testsuite> <!-- Default test -->
