<?xml version="1.0" encoding="UTF-8"?>
<testng-results ignored="0" total="14" passed="14" failed="0" skipped="0">
  <reporter-output>
  </reporter-output>
  <suite started-at="2023-06-22T18:30:24 EDT" name="Surefire suite" finished-at="2023-06-22T18:32:34 EDT" duration-ms="129955">
    <groups>
    </groups>
    <test started-at="2023-06-22T18:30:24 EDT" name="Surefire test" finished-at="2023-06-22T18:32:34 EDT" duration-ms="129955">
      <class name="com.crm.qa.testcases.HomePageTest">
        <test-method is-config="true" signature="setUp()[pri:0, instance:com.crm.qa.testcases.HomePageTest@6193932a]" started-at="2023-06-22T18:31:37 EDT" name="setUp" finished-at="2023-06-22T18:31:46 EDT" duration-ms="8685" status="PASS">
          <reporter-output>
          </reporter-output>
        </test-method> <!-- setUp -->
        <test-method signature="verifyHomePageTitleTest()[pri:1, instance:com.crm.qa.testcases.HomePageTest@6193932a]" started-at="2023-06-22T18:31:46 EDT" name="verifyHomePageTitleTest" finished-at="2023-06-22T18:31:46 EDT" duration-ms="2" status="PASS">
          <reporter-output>
          </reporter-output>
        </test-method> <!-- verifyHomePageTitleTest -->
        <test-method is-config="true" signature="tearDown()[pri:0, instance:com.crm.qa.testcases.HomePageTest@6193932a]" started-at="2023-06-22T18:31:46 EDT" name="tearDown" finished-at="2023-06-22T18:31:47 EDT" duration-ms="808" status="PASS">
          <reporter-output>
          </reporter-output>
        </test-method> <!-- tearDown -->
        <test-method is-config="true" signature="setUp()[pri:0, instance:com.crm.qa.testcases.HomePageTest@6193932a]" started-at="2023-06-22T18:31:47 EDT" name="setUp" finished-at="2023-06-22T18:31:56 EDT" duration-ms="8658" status="PASS">
          <reporter-output>
          </reporter-output>
        </test-method> <!-- setUp -->
        <test-method signature="verifyUserNameTest()[pri:2, instance:com.crm.qa.testcases.HomePageTest@6193932a]" started-at="2023-06-22T18:31:56 EDT" name="verifyUserNameTest" finished-at="2023-06-22T18:31:56 EDT" duration-ms="17" status="PASS">
          <reporter-output>
          </reporter-output>
        </test-method> <!-- verifyUserNameTest -->
        <test-method is-config="true" signature="tearDown()[pri:0, instance:com.crm.qa.testcases.HomePageTest@6193932a]" started-at="2023-06-22T18:31:56 EDT" name="tearDown" finished-at="2023-06-22T18:31:56 EDT" duration-ms="836" status="PASS">
          <reporter-output>
          </reporter-output>
        </test-method> <!-- tearDown -->
        <test-method is-config="true" signature="setUp()[pri:0, instance:com.crm.qa.testcases.HomePageTest@6193932a]" started-at="2023-06-22T18:31:56 EDT" name="setUp" finished-at="2023-06-22T18:32:05 EDT" duration-ms="8415" status="PASS">
          <reporter-output>
          </reporter-output>
        </test-method> <!-- setUp -->
        <test-method signature="verifyContactsLinkTest()[pri:3, instance:com.crm.qa.testcases.HomePageTest@6193932a]" started-at="2023-06-22T18:32:05 EDT" name="verifyContactsLinkTest" finished-at="2023-06-22T18:32:05 EDT" duration-ms="233" status="PASS">
          <reporter-output>
          </reporter-output>
        </test-method> <!-- verifyContactsLinkTest -->
        <test-method is-config="true" signature="tearDown()[pri:0, instance:com.crm.qa.testcases.HomePageTest@6193932a]" started-at="2023-06-22T18:32:05 EDT" name="tearDown" finished-at="2023-06-22T18:32:06 EDT" duration-ms="778" status="PASS">
          <reporter-output>
          </reporter-output>
        </test-method> <!-- tearDown -->
      </class> <!-- com.crm.qa.testcases.HomePageTest -->
      <class name="com.crm.qa.testcases.ContactsPageTest">
        <test-method is-config="true" signature="setUp()[pri:0, instance:com.crm.qa.testcases.ContactsPageTest@233fe9b6]" started-at="2023-06-22T18:30:24 EDT" name="setUp" finished-at="2023-06-22T18:30:36 EDT" duration-ms="11799" status="PASS">
          <reporter-output>
          </reporter-output>
        </test-method> <!-- setUp -->
        <test-method signature="verifyContactsLabelTest()[pri:1, instance:com.crm.qa.testcases.ContactsPageTest@233fe9b6]" started-at="2023-06-22T18:30:36 EDT" name="verifyContactsLabelTest" finished-at="2023-06-22T18:30:36 EDT" duration-ms="21" status="PASS">
          <reporter-output>
          </reporter-output>
        </test-method> <!-- verifyContactsLabelTest -->
        <test-method is-config="true" signature="tearDown()[pri:0, instance:com.crm.qa.testcases.ContactsPageTest@233fe9b6]" started-at="2023-06-22T18:30:36 EDT" name="tearDown" finished-at="2023-06-22T18:30:37 EDT" duration-ms="806" status="PASS">
          <reporter-output>
          </reporter-output>
        </test-method> <!-- tearDown -->
        <test-method is-config="true" signature="setUp()[pri:0, instance:com.crm.qa.testcases.ContactsPageTest@233fe9b6]" started-at="2023-06-22T18:30:37 EDT" name="setUp" finished-at="2023-06-22T18:30:47 EDT" duration-ms="9749" status="PASS">
          <reporter-output>
          </reporter-output>
        </test-method> <!-- setUp -->
        <test-method signature="selectContactsTest()[pri:2, instance:com.crm.qa.testcases.ContactsPageTest@233fe9b6]" started-at="2023-06-22T18:30:47 EDT" name="selectContactsTest" finished-at="2023-06-22T18:30:52 EDT" duration-ms="5498" status="PASS">
          <reporter-output>
          </reporter-output>
        </test-method> <!-- selectContactsTest -->
        <test-method is-config="true" signature="tearDown()[pri:0, instance:com.crm.qa.testcases.ContactsPageTest@233fe9b6]" started-at="2023-06-22T18:30:52 EDT" name="tearDown" finished-at="2023-06-22T18:30:53 EDT" duration-ms="730" status="PASS">
          <reporter-output>
          </reporter-output>
        </test-method> <!-- tearDown -->
        <test-method is-config="true" signature="setUp()[pri:0, instance:com.crm.qa.testcases.ContactsPageTest@233fe9b6]" started-at="2023-06-22T18:30:54 EDT" name="setUp" finished-at="2023-06-22T18:31:03 EDT" duration-ms="9348" status="PASS">
          <reporter-output>
          </reporter-output>
        </test-method> <!-- setUp -->
        <test-method signature="validateCreateNewContact(java.lang.String,java.lang.String,java.lang.String)[pri:3, instance:com.crm.qa.testcases.ContactsPageTest@233fe9b6]" started-at="2023-06-22T18:31:03 EDT" name="validateCreateNewContact" data-provider="getCRMTestData" finished-at="2023-06-22T18:31:04 EDT" duration-ms="852" status="PASS">
          <params>
            <param index="0">
              <value>
                <![CDATA[Tom]]>
              </value>
            </param>
            <param index="1">
              <value>
                <![CDATA[Peter]]>
              </value>
            </param>
            <param index="2">
              <value>
                <![CDATA[Google]]>
              </value>
            </param>
          </params>
          <reporter-output>
          </reporter-output>
        </test-method> <!-- validateCreateNewContact -->
        <test-method is-config="true" signature="tearDown()[pri:0, instance:com.crm.qa.testcases.ContactsPageTest@233fe9b6]" started-at="2023-06-22T18:31:04 EDT" name="tearDown" finished-at="2023-06-22T18:31:05 EDT" duration-ms="815" status="PASS">
          <reporter-output>
          </reporter-output>
        </test-method> <!-- tearDown -->
        <test-method is-config="true" signature="setUp()[pri:0, instance:com.crm.qa.testcases.ContactsPageTest@233fe9b6]" started-at="2023-06-22T18:31:05 EDT" name="setUp" finished-at="2023-06-22T18:31:14 EDT" duration-ms="9502" status="PASS">
          <reporter-output>
          </reporter-output>
        </test-method> <!-- setUp -->
        <test-method signature="validateCreateNewContact(java.lang.String,java.lang.String,java.lang.String)[pri:3, instance:com.crm.qa.testcases.ContactsPageTest@233fe9b6]" started-at="2023-06-22T18:31:14 EDT" name="validateCreateNewContact" data-provider="getCRMTestData" finished-at="2023-06-22T18:31:15 EDT" duration-ms="848" status="PASS">
          <params>
            <param index="0">
              <value>
                <![CDATA[David]]>
              </value>
            </param>
            <param index="1">
              <value>
                <![CDATA[Chris]]>
              </value>
            </param>
            <param index="2">
              <value>
                <![CDATA[Amazon]]>
              </value>
            </param>
          </params>
          <reporter-output>
          </reporter-output>
        </test-method> <!-- validateCreateNewContact -->
        <test-method is-config="true" signature="tearDown()[pri:0, instance:com.crm.qa.testcases.ContactsPageTest@233fe9b6]" started-at="2023-06-22T18:31:15 EDT" name="tearDown" finished-at="2023-06-22T18:31:16 EDT" duration-ms="845" status="PASS">
          <reporter-output>
          </reporter-output>
        </test-method> <!-- tearDown -->
        <test-method is-config="true" signature="setUp()[pri:0, instance:com.crm.qa.testcases.ContactsPageTest@233fe9b6]" started-at="2023-06-22T18:31:16 EDT" name="setUp" finished-at="2023-06-22T18:31:25 EDT" duration-ms="8979" status="PASS">
          <reporter-output>
          </reporter-output>
        </test-method> <!-- setUp -->
        <test-method signature="validateCreateNewContact(java.lang.String,java.lang.String,java.lang.String)[pri:3, instance:com.crm.qa.testcases.ContactsPageTest@233fe9b6]" started-at="2023-06-22T18:31:25 EDT" name="validateCreateNewContact" data-provider="getCRMTestData" finished-at="2023-06-22T18:31:26 EDT" duration-ms="862" status="PASS">
          <params>
            <param index="0">
              <value>
                <![CDATA[John]]>
              </value>
            </param>
            <param index="1">
              <value>
                <![CDATA[Whibs]]>
              </value>
            </param>
            <param index="2">
              <value>
                <![CDATA[CCA]]>
              </value>
            </param>
          </params>
          <reporter-output>
          </reporter-output>
        </test-method> <!-- validateCreateNewContact -->
        <test-method is-config="true" signature="tearDown()[pri:0, instance:com.crm.qa.testcases.ContactsPageTest@233fe9b6]" started-at="2023-06-22T18:31:26 EDT" name="tearDown" finished-at="2023-06-22T18:31:26 EDT" duration-ms="778" status="PASS">
          <reporter-output>
          </reporter-output>
        </test-method> <!-- tearDown -->
        <test-method is-config="true" signature="setUp()[pri:0, instance:com.crm.qa.testcases.ContactsPageTest@233fe9b6]" started-at="2023-06-22T18:31:26 EDT" name="setUp" finished-at="2023-06-22T18:31:36 EDT" duration-ms="9375" status="PASS">
          <reporter-output>
          </reporter-output>
        </test-method> <!-- setUp -->
        <test-method signature="validateCreateNewContact(java.lang.String,java.lang.String,java.lang.String)[pri:3, instance:com.crm.qa.testcases.ContactsPageTest@233fe9b6]" started-at="2023-06-22T18:31:36 EDT" name="validateCreateNewContact" data-provider="getCRMTestData" finished-at="2023-06-22T18:31:37 EDT" duration-ms="831" status="PASS">
          <params>
            <param index="0">
              <value>
                <![CDATA[Justin]]>
              </value>
            </param>
            <param index="1">
              <value>
                <![CDATA[K]]>
              </value>
            </param>
            <param index="2">
              <value>
                <![CDATA[CCA]]>
              </value>
            </param>
          </params>
          <reporter-output>
          </reporter-output>
        </test-method> <!-- validateCreateNewContact -->
        <test-method is-config="true" signature="tearDown()[pri:0, instance:com.crm.qa.testcases.ContactsPageTest@233fe9b6]" started-at="2023-06-22T18:31:37 EDT" name="tearDown" finished-at="2023-06-22T18:31:37 EDT" duration-ms="827" status="PASS">
          <reporter-output>
          </reporter-output>
        </test-method> <!-- tearDown -->
      </class> <!-- com.crm.qa.testcases.ContactsPageTest -->
      <class name="com.crm.qa.testcases.LoginPageTest">
        <test-method is-config="true" signature="setUp()[pri:0, instance:com.crm.qa.testcases.LoginPageTest@647fd8ce]" started-at="2023-06-22T18:32:06 EDT" name="setUp" finished-at="2023-06-22T18:32:10 EDT" duration-ms="3688" status="PASS">
          <reporter-output>
          </reporter-output>
        </test-method> <!-- setUp -->
        <test-method signature="loginPageTitleTest()[pri:1, instance:com.crm.qa.testcases.LoginPageTest@647fd8ce]" started-at="2023-06-22T18:32:10 EDT" name="loginPageTitleTest" finished-at="2023-06-22T18:32:10 EDT" duration-ms="3" status="PASS">
          <reporter-output>
          </reporter-output>
        </test-method> <!-- loginPageTitleTest -->
        <test-method is-config="true" signature="tearDown()[pri:0, instance:com.crm.qa.testcases.LoginPageTest@647fd8ce]" started-at="2023-06-22T18:32:10 EDT" name="tearDown" finished-at="2023-06-22T18:32:11 EDT" duration-ms="1458" status="PASS">
          <reporter-output>
          </reporter-output>
        </test-method> <!-- tearDown -->
        <test-method is-config="true" signature="setUp()[pri:0, instance:com.crm.qa.testcases.LoginPageTest@647fd8ce]" started-at="2023-06-22T18:32:11 EDT" name="setUp" finished-at="2023-06-22T18:32:15 EDT" duration-ms="3784" status="PASS">
          <reporter-output>
          </reporter-output>
        </test-method> <!-- setUp -->
        <test-method signature="crmLogoImageTest()[pri:2, instance:com.crm.qa.testcases.LoginPageTest@647fd8ce]" started-at="2023-06-22T18:32:15 EDT" name="crmLogoImageTest" finished-at="2023-06-22T18:32:15 EDT" duration-ms="249" status="PASS">
          <reporter-output>
          </reporter-output>
        </test-method> <!-- crmLogoImageTest -->
        <test-method is-config="true" signature="tearDown()[pri:0, instance:com.crm.qa.testcases.LoginPageTest@647fd8ce]" started-at="2023-06-22T18:32:15 EDT" name="tearDown" finished-at="2023-06-22T18:32:16 EDT" duration-ms="1230" status="PASS">
          <reporter-output>
          </reporter-output>
        </test-method> <!-- tearDown -->
        <test-method is-config="true" signature="setUp()[pri:0, instance:com.crm.qa.testcases.LoginPageTest@647fd8ce]" started-at="2023-06-22T18:32:16 EDT" name="setUp" finished-at="2023-06-22T18:32:20 EDT" duration-ms="3553" status="PASS">
          <reporter-output>
          </reporter-output>
        </test-method> <!-- setUp -->
        <test-method signature="loginTest()[pri:3, instance:com.crm.qa.testcases.LoginPageTest@647fd8ce]" started-at="2023-06-22T18:32:20 EDT" name="loginTest" finished-at="2023-06-22T18:32:23 EDT" duration-ms="3085" status="PASS">
          <reporter-output>
          </reporter-output>
        </test-method> <!-- loginTest -->
        <test-method is-config="true" signature="tearDown()[pri:0, instance:com.crm.qa.testcases.LoginPageTest@647fd8ce]" started-at="2023-06-22T18:32:23 EDT" name="tearDown" finished-at="2023-06-22T18:32:24 EDT" duration-ms="1109" status="PASS">
          <reporter-output>
          </reporter-output>
        </test-method> <!-- tearDown -->
      </class> <!-- com.crm.qa.testcases.LoginPageTest -->
      <class name="com.tests.LoginTest">
        <test-method is-config="true" signature="setup()[pri:0, instance:com.tests.LoginTest@159f197]" started-at="2023-06-22T18:32:24 EDT" name="setup" finished-at="2023-06-22T18:32:28 EDT" duration-ms="3623" status="PASS">
          <reporter-output>
          </reporter-output>
        </test-method> <!-- setup -->
        <test-method signature="freeCrmTitleTest()[pri:1, instance:com.tests.LoginTest@159f197]" started-at="2023-06-22T18:32:28 EDT" name="freeCrmTitleTest" finished-at="2023-06-22T18:32:28 EDT" duration-ms="6" status="PASS">
          <reporter-output>
          </reporter-output>
        </test-method> <!-- freeCrmTitleTest -->
        <test-method is-config="true" signature="tearDown()[pri:0, instance:com.tests.LoginTest@159f197]" started-at="2023-06-22T18:32:28 EDT" name="tearDown" finished-at="2023-06-22T18:32:29 EDT" duration-ms="1462" status="PASS">
          <reporter-output>
          </reporter-output>
        </test-method> <!-- tearDown -->
        <test-method is-config="true" signature="setup()[pri:0, instance:com.tests.LoginTest@159f197]" started-at="2023-06-22T18:32:29 EDT" name="setup" finished-at="2023-06-22T18:32:33 EDT" duration-ms="3644" status="PASS">
          <reporter-output>
          </reporter-output>
        </test-method> <!-- setup -->
        <test-method signature="crmLogoImageTest()[pri:2, instance:com.tests.LoginTest@159f197]" started-at="2023-06-22T18:32:33 EDT" name="crmLogoImageTest" finished-at="2023-06-22T18:32:33 EDT" duration-ms="264" status="PASS">
          <reporter-output>
          </reporter-output>
        </test-method> <!-- crmLogoImageTest -->
        <test-method is-config="true" signature="tearDown()[pri:0, instance:com.tests.LoginTest@159f197]" started-at="2023-06-22T18:32:33 EDT" name="tearDown" finished-at="2023-06-22T18:32:34 EDT" duration-ms="1291" status="PASS">
          <reporter-output>
          </reporter-output>
        </test-method> <!-- tearDown -->
      </class> <!-- com.tests.LoginTest -->
    </test> <!-- Surefire test -->
  </suite> <!-- Surefire suite -->
</testng-results>
