<?xml version="1.0" encoding="UTF-8"?>
<testng-results ignored="0" total="12" passed="12" failed="0" skipped="0">
  <reporter-output>
  </reporter-output>
  <suite started-at="2023-06-16T20:56:19 EDT" name="Surefire suite" finished-at="2023-06-16T20:58:04 EDT" duration-ms="104458">
    <groups>
    </groups>
    <test started-at="2023-06-16T20:56:19 EDT" name="Surefire test" finished-at="2023-06-16T20:58:04 EDT" duration-ms="104458">
      <class name="com.crm.qa.testcases.HomePageTest">
        <test-method is-config="true" signature="setUp()[pri:0, instance:com.crm.qa.testcases.HomePageTest@769e7ee8]" started-at="2023-06-16T20:57:24 EDT" name="setUp" finished-at="2023-06-16T20:57:32 EDT" duration-ms="8514" status="PASS">
          <reporter-output>
          </reporter-output>
        </test-method> <!-- setUp -->
        <test-method signature="verifyHomePageTitleTest()[pri:1, instance:com.crm.qa.testcases.HomePageTest@769e7ee8]" started-at="2023-06-16T20:57:32 EDT" name="verifyHomePageTitleTest" finished-at="2023-06-16T20:57:32 EDT" duration-ms="2" status="PASS">
          <reporter-output>
          </reporter-output>
        </test-method> <!-- verifyHomePageTitleTest -->
        <test-method is-config="true" signature="tearDown()[pri:0, instance:com.crm.qa.testcases.HomePageTest@769e7ee8]" started-at="2023-06-16T20:57:32 EDT" name="tearDown" finished-at="2023-06-16T20:57:33 EDT" duration-ms="607" status="PASS">
          <reporter-output>
          </reporter-output>
        </test-method> <!-- tearDown -->
        <test-method is-config="true" signature="setUp()[pri:0, instance:com.crm.qa.testcases.HomePageTest@769e7ee8]" started-at="2023-06-16T20:57:33 EDT" name="setUp" finished-at="2023-06-16T20:57:40 EDT" duration-ms="7799" status="PASS">
          <reporter-output>
          </reporter-output>
        </test-method> <!-- setUp -->
        <test-method signature="verifyUserNameTest()[pri:2, instance:com.crm.qa.testcases.HomePageTest@769e7ee8]" started-at="2023-06-16T20:57:40 EDT" name="verifyUserNameTest" finished-at="2023-06-16T20:57:40 EDT" duration-ms="19" status="PASS">
          <reporter-output>
          </reporter-output>
        </test-method> <!-- verifyUserNameTest -->
        <test-method is-config="true" signature="tearDown()[pri:0, instance:com.crm.qa.testcases.HomePageTest@769e7ee8]" started-at="2023-06-16T20:57:40 EDT" name="tearDown" finished-at="2023-06-16T20:57:41 EDT" duration-ms="609" status="PASS">
          <reporter-output>
          </reporter-output>
        </test-method> <!-- tearDown -->
        <test-method is-config="true" signature="setUp()[pri:0, instance:com.crm.qa.testcases.HomePageTest@769e7ee8]" started-at="2023-06-16T20:57:41 EDT" name="setUp" finished-at="2023-06-16T20:57:49 EDT" duration-ms="7889" status="PASS">
          <reporter-output>
          </reporter-output>
        </test-method> <!-- setUp -->
        <test-method signature="verifyContactsLinkTest()[pri:3, instance:com.crm.qa.testcases.HomePageTest@769e7ee8]" started-at="2023-06-16T20:57:49 EDT" name="verifyContactsLinkTest" finished-at="2023-06-16T20:57:49 EDT" duration-ms="232" status="PASS">
          <reporter-output>
          </reporter-output>
        </test-method> <!-- verifyContactsLinkTest -->
        <test-method is-config="true" signature="tearDown()[pri:0, instance:com.crm.qa.testcases.HomePageTest@769e7ee8]" started-at="2023-06-16T20:57:49 EDT" name="tearDown" finished-at="2023-06-16T20:57:50 EDT" duration-ms="671" status="PASS">
          <reporter-output>
          </reporter-output>
        </test-method> <!-- tearDown -->
      </class> <!-- com.crm.qa.testcases.HomePageTest -->
      <class name="com.crm.qa.testcases.ContactsPageTest">
        <test-method is-config="true" signature="setUp()[pri:0, instance:com.crm.qa.testcases.ContactsPageTest@38c5cc4c]" started-at="2023-06-16T20:56:19 EDT" name="setUp" finished-at="2023-06-16T20:56:29 EDT" duration-ms="9650" status="PASS">
          <reporter-output>
          </reporter-output>
        </test-method> <!-- setUp -->
        <test-method signature="verifyContactsLabelTest()[pri:1, instance:com.crm.qa.testcases.ContactsPageTest@38c5cc4c]" started-at="2023-06-16T20:56:29 EDT" name="verifyContactsLabelTest" finished-at="2023-06-16T20:56:29 EDT" duration-ms="17" status="PASS">
          <reporter-output>
          </reporter-output>
        </test-method> <!-- verifyContactsLabelTest -->
        <test-method is-config="true" signature="tearDown()[pri:0, instance:com.crm.qa.testcases.ContactsPageTest@38c5cc4c]" started-at="2023-06-16T20:56:29 EDT" name="tearDown" finished-at="2023-06-16T20:56:29 EDT" duration-ms="699" status="PASS">
          <reporter-output>
          </reporter-output>
        </test-method> <!-- tearDown -->
        <test-method is-config="true" signature="setUp()[pri:0, instance:com.crm.qa.testcases.ContactsPageTest@38c5cc4c]" started-at="2023-06-16T20:56:29 EDT" name="setUp" finished-at="2023-06-16T20:56:38 EDT" duration-ms="8216" status="PASS">
          <reporter-output>
          </reporter-output>
        </test-method> <!-- setUp -->
        <test-method signature="selectContactsTest()[pri:2, instance:com.crm.qa.testcases.ContactsPageTest@38c5cc4c]" started-at="2023-06-16T20:56:38 EDT" name="selectContactsTest" finished-at="2023-06-16T20:56:43 EDT" duration-ms="5513" status="PASS">
          <reporter-output>
          </reporter-output>
        </test-method> <!-- selectContactsTest -->
        <test-method is-config="true" signature="tearDown()[pri:0, instance:com.crm.qa.testcases.ContactsPageTest@38c5cc4c]" started-at="2023-06-16T20:56:43 EDT" name="tearDown" finished-at="2023-06-16T20:56:44 EDT" duration-ms="521" status="PASS">
          <reporter-output>
          </reporter-output>
        </test-method> <!-- tearDown -->
        <test-method is-config="true" signature="setUp()[pri:0, instance:com.crm.qa.testcases.ContactsPageTest@38c5cc4c]" started-at="2023-06-16T20:56:44 EDT" name="setUp" finished-at="2023-06-16T20:56:52 EDT" duration-ms="8320" status="PASS">
          <reporter-output>
          </reporter-output>
        </test-method> <!-- setUp -->
        <test-method signature="validateCreateNewContact(java.lang.String,java.lang.String,java.lang.String)[pri:3, instance:com.crm.qa.testcases.ContactsPageTest@38c5cc4c]" started-at="2023-06-16T20:56:52 EDT" name="validateCreateNewContact" data-provider="getCRMTestData" finished-at="2023-06-16T20:56:53 EDT" duration-ms="778" status="PASS">
          <params>
            <param index="0">
              <value>
                <![CDATA[Tom]]>
              </value>
            </param>
            <param index="1">
              <value>
                <![CDATA[Peter]]>
              </value>
            </param>
            <param index="2">
              <value>
                <![CDATA[Google]]>
              </value>
            </param>
          </params>
          <reporter-output>
          </reporter-output>
        </test-method> <!-- validateCreateNewContact -->
        <test-method is-config="true" signature="tearDown()[pri:0, instance:com.crm.qa.testcases.ContactsPageTest@38c5cc4c]" started-at="2023-06-16T20:56:53 EDT" name="tearDown" finished-at="2023-06-16T20:56:54 EDT" duration-ms="702" status="PASS">
          <reporter-output>
          </reporter-output>
        </test-method> <!-- tearDown -->
        <test-method is-config="true" signature="setUp()[pri:0, instance:com.crm.qa.testcases.ContactsPageTest@38c5cc4c]" started-at="2023-06-16T20:56:54 EDT" name="setUp" finished-at="2023-06-16T20:57:02 EDT" duration-ms="8348" status="PASS">
          <reporter-output>
          </reporter-output>
        </test-method> <!-- setUp -->
        <test-method signature="validateCreateNewContact(java.lang.String,java.lang.String,java.lang.String)[pri:3, instance:com.crm.qa.testcases.ContactsPageTest@38c5cc4c]" started-at="2023-06-16T20:57:02 EDT" name="validateCreateNewContact" data-provider="getCRMTestData" finished-at="2023-06-16T20:57:03 EDT" duration-ms="808" status="PASS">
          <params>
            <param index="0">
              <value>
                <![CDATA[David]]>
              </value>
            </param>
            <param index="1">
              <value>
                <![CDATA[Chris]]>
              </value>
            </param>
            <param index="2">
              <value>
                <![CDATA[Amazon]]>
              </value>
            </param>
          </params>
          <reporter-output>
          </reporter-output>
        </test-method> <!-- validateCreateNewContact -->
        <test-method is-config="true" signature="tearDown()[pri:0, instance:com.crm.qa.testcases.ContactsPageTest@38c5cc4c]" started-at="2023-06-16T20:57:03 EDT" name="tearDown" finished-at="2023-06-16T20:57:04 EDT" duration-ms="677" status="PASS">
          <reporter-output>
          </reporter-output>
        </test-method> <!-- tearDown -->
        <test-method is-config="true" signature="setUp()[pri:0, instance:com.crm.qa.testcases.ContactsPageTest@38c5cc4c]" started-at="2023-06-16T20:57:04 EDT" name="setUp" finished-at="2023-06-16T20:57:12 EDT" duration-ms="8808" status="PASS">
          <reporter-output>
          </reporter-output>
        </test-method> <!-- setUp -->
        <test-method signature="validateCreateNewContact(java.lang.String,java.lang.String,java.lang.String)[pri:3, instance:com.crm.qa.testcases.ContactsPageTest@38c5cc4c]" started-at="2023-06-16T20:57:12 EDT" name="validateCreateNewContact" data-provider="getCRMTestData" finished-at="2023-06-16T20:57:13 EDT" duration-ms="779" status="PASS">
          <params>
            <param index="0">
              <value>
                <![CDATA[John]]>
              </value>
            </param>
            <param index="1">
              <value>
                <![CDATA[Whibs]]>
              </value>
            </param>
            <param index="2">
              <value>
                <![CDATA[CCA]]>
              </value>
            </param>
          </params>
          <reporter-output>
          </reporter-output>
        </test-method> <!-- validateCreateNewContact -->
        <test-method is-config="true" signature="tearDown()[pri:0, instance:com.crm.qa.testcases.ContactsPageTest@38c5cc4c]" started-at="2023-06-16T20:57:13 EDT" name="tearDown" finished-at="2023-06-16T20:57:14 EDT" duration-ms="633" status="PASS">
          <reporter-output>
          </reporter-output>
        </test-method> <!-- tearDown -->
        <test-method is-config="true" signature="setUp()[pri:0, instance:com.crm.qa.testcases.ContactsPageTest@38c5cc4c]" started-at="2023-06-16T20:57:14 EDT" name="setUp" finished-at="2023-06-16T20:57:22 EDT" duration-ms="8212" status="PASS">
          <reporter-output>
          </reporter-output>
        </test-method> <!-- setUp -->
        <test-method signature="validateCreateNewContact(java.lang.String,java.lang.String,java.lang.String)[pri:3, instance:com.crm.qa.testcases.ContactsPageTest@38c5cc4c]" started-at="2023-06-16T20:57:22 EDT" name="validateCreateNewContact" data-provider="getCRMTestData" finished-at="2023-06-16T20:57:23 EDT" duration-ms="762" status="PASS">
          <params>
            <param index="0">
              <value>
                <![CDATA[Justin]]>
              </value>
            </param>
            <param index="1">
              <value>
                <![CDATA[K]]>
              </value>
            </param>
            <param index="2">
              <value>
                <![CDATA[CCA]]>
              </value>
            </param>
          </params>
          <reporter-output>
          </reporter-output>
        </test-method> <!-- validateCreateNewContact -->
        <test-method is-config="true" signature="tearDown()[pri:0, instance:com.crm.qa.testcases.ContactsPageTest@38c5cc4c]" started-at="2023-06-16T20:57:23 EDT" name="tearDown" finished-at="2023-06-16T20:57:24 EDT" duration-ms="637" status="PASS">
          <reporter-output>
          </reporter-output>
        </test-method> <!-- tearDown -->
      </class> <!-- com.crm.qa.testcases.ContactsPageTest -->
      <class name="com.crm.qa.testcases.LoginPageTest">
        <test-method is-config="true" signature="setUp()[pri:0, instance:com.crm.qa.testcases.LoginPageTest@5276e6b0]" started-at="2023-06-16T20:57:50 EDT" name="setUp" finished-at="2023-06-16T20:57:53 EDT" duration-ms="2923" status="PASS">
          <reporter-output>
          </reporter-output>
        </test-method> <!-- setUp -->
        <test-method signature="loginPageTitleTest()[pri:1, instance:com.crm.qa.testcases.LoginPageTest@5276e6b0]" started-at="2023-06-16T20:57:53 EDT" name="loginPageTitleTest" finished-at="2023-06-16T20:57:53 EDT" duration-ms="2" status="PASS">
          <reporter-output>
          </reporter-output>
        </test-method> <!-- loginPageTitleTest -->
        <test-method is-config="true" signature="tearDown()[pri:0, instance:com.crm.qa.testcases.LoginPageTest@5276e6b0]" started-at="2023-06-16T20:57:53 EDT" name="tearDown" finished-at="2023-06-16T20:57:53 EDT" duration-ms="673" status="PASS">
          <reporter-output>
          </reporter-output>
        </test-method> <!-- tearDown -->
        <test-method is-config="true" signature="setUp()[pri:0, instance:com.crm.qa.testcases.LoginPageTest@5276e6b0]" started-at="2023-06-16T20:57:53 EDT" name="setUp" finished-at="2023-06-16T20:57:56 EDT" duration-ms="2941" status="PASS">
          <reporter-output>
          </reporter-output>
        </test-method> <!-- setUp -->
        <test-method signature="crmLogoImageTest()[pri:2, instance:com.crm.qa.testcases.LoginPageTest@5276e6b0]" started-at="2023-06-16T20:57:56 EDT" name="crmLogoImageTest" finished-at="2023-06-16T20:57:56 EDT" duration-ms="18" status="PASS">
          <reporter-output>
          </reporter-output>
        </test-method> <!-- crmLogoImageTest -->
        <test-method is-config="true" signature="tearDown()[pri:0, instance:com.crm.qa.testcases.LoginPageTest@5276e6b0]" started-at="2023-06-16T20:57:56 EDT" name="tearDown" finished-at="2023-06-16T20:57:57 EDT" duration-ms="606" status="PASS">
          <reporter-output>
          </reporter-output>
        </test-method> <!-- tearDown -->
        <test-method is-config="true" signature="setUp()[pri:0, instance:com.crm.qa.testcases.LoginPageTest@5276e6b0]" started-at="2023-06-16T20:57:57 EDT" name="setUp" finished-at="2023-06-16T20:58:00 EDT" duration-ms="2981" status="PASS">
          <reporter-output>
          </reporter-output>
        </test-method> <!-- setUp -->
        <test-method signature="loginTest()[pri:3, instance:com.crm.qa.testcases.LoginPageTest@5276e6b0]" started-at="2023-06-16T20:58:00 EDT" name="loginTest" finished-at="2023-06-16T20:58:03 EDT" duration-ms="2931" status="PASS">
          <reporter-output>
          </reporter-output>
        </test-method> <!-- loginTest -->
        <test-method is-config="true" signature="tearDown()[pri:0, instance:com.crm.qa.testcases.LoginPageTest@5276e6b0]" started-at="2023-06-16T20:58:03 EDT" name="tearDown" finished-at="2023-06-16T20:58:04 EDT" duration-ms="600" status="PASS">
          <reporter-output>
          </reporter-output>
        </test-method> <!-- tearDown -->
      </class> <!-- com.crm.qa.testcases.LoginPageTest -->
    </test> <!-- Surefire test -->
  </suite> <!-- Surefire suite -->
</testng-results>
