<?xml version="1.0" encoding="UTF-8"?>
<testng-results ignored="0" total="2" passed="2" failed="0" skipped="0">
  <reporter-output>
  </reporter-output>
  <suite started-at="2023-06-22T22:56:48Z" name="Default suite" finished-at="2023-06-22T22:56:59Z" duration-ms="11795">
    <groups>
    </groups>
    <test started-at="2023-06-22T22:56:48Z" name="Default test" finished-at="2023-06-22T22:56:59Z" duration-ms="11795">
      <class name="com.tests.LoginTest">
        <test-method is-config="true" signature="setup()[pri:0, instance:com.tests.LoginTest@38aa816f]" started-at="2023-06-22T18:56:48Z" name="setup" finished-at="2023-06-22T18:56:52Z" duration-ms="4379" status="PASS">
          <reporter-output>
          </reporter-output>
        </test-method> <!-- setup -->
        <test-method signature="freeCrmTitleTest()[pri:1, instance:com.tests.LoginTest@38aa816f]" started-at="2023-06-22T18:56:52Z" name="freeCrmTitleTest" finished-at="2023-06-22T18:56:52Z" duration-ms="16" status="PASS">
          <reporter-output>
          </reporter-output>
        </test-method> <!-- freeCrmTitleTest -->
        <test-method is-config="true" signature="tearDown()[pri:0, instance:com.tests.LoginTest@38aa816f]" started-at="2023-06-22T18:56:52Z" name="tearDown" finished-at="2023-06-22T18:56:54Z" duration-ms="1826" status="PASS">
          <reporter-output>
          </reporter-output>
        </test-method> <!-- tearDown -->
        <test-method is-config="true" signature="setup()[pri:0, instance:com.tests.LoginTest@38aa816f]" started-at="2023-06-22T18:56:54Z" name="setup" finished-at="2023-06-22T18:56:58Z" duration-ms="3814" status="PASS">
          <reporter-output>
          </reporter-output>
        </test-method> <!-- setup -->
        <test-method signature="crmLogoImageTest()[pri:2, instance:com.tests.LoginTest@38aa816f]" started-at="2023-06-22T18:56:58Z" name="crmLogoImageTest" finished-at="2023-06-22T18:56:58Z" duration-ms="257" status="PASS">
          <reporter-output>
          </reporter-output>
        </test-method> <!-- crmLogoImageTest -->
        <test-method is-config="true" signature="tearDown()[pri:0, instance:com.tests.LoginTest@38aa816f]" started-at="2023-06-22T18:56:58Z" name="tearDown" finished-at="2023-06-22T18:56:59Z" duration-ms="1480" status="PASS">
          <reporter-output>
          </reporter-output>
        </test-method> <!-- tearDown -->
      </class> <!-- com.tests.LoginTest -->
    </test> <!-- Default test -->
  </suite> <!-- Default suite -->
</testng-results>
